GROUP,PACKAGE,CLASS,INSTRUCTION_MISSED,INSTRUCTION_COVERED,BRANCH_MISSED,BRANCH_COVERED,LINE_MISSED,LINE_COVERED,COMPLEXITY_MISSED,COMPLEXITY_COVERED,METHOD_MISSED,METHOD_COVERED
MineSweeper,com.tsi.tom.minesweeper,Clear,0,9,0,0,0,4,0,1,0,1
MineSweeper,com.tsi.tom.minesweeper,Grid.Boundaries,12,0,0,0,3,0,1,0,1,0
MineSweeper,com.tsi.tom.minesweeper,Menu,10,36,2,2,4,14,2,6,0,5
MineSweeper,com.tsi.tom.minesweeper,Minesweeper,95,0,10,0,35,0,11,0,4,0
MineSweeper,com.tsi.tom.minesweeper,Minesweeper.GameState,27,0,0,0,5,0,1,0,1,0
MineSweeper,com.tsi.tom.minesweeper,Mine,0,9,0,0,0,4,0,1,0,1
MineSweeper,com.tsi.tom.minesweeper,Grid,335,0,34,0,66,0,26,0,9,0
MineSweeper,com.tsi.tom.minesweeper,Tile,0,30,0,0,0,13,0,7,0,7
