GROUP,PACKAGE,CLASS,INSTRUCTION_MISSED,INSTRUCTION_COVERED,BRANCH_MISSED,BRANCH_COVERED,LINE_MISSED,LINE_COVERED,COMPLEXITY_MISSED,COMPLEXITY_COVERED,METHOD_MISSED,METHOD_COVERED
MineSweeper,com.tsi.tom.minesweeper,Clear,0,9,0,0,0,4,0,1,0,1
MineSweeper,com.tsi.tom.minesweeper,Grid.Boundaries,0,6,0,0,0,1,0,1,0,1
MineSweeper,com.tsi.tom.minesweeper,Menu,3,44,1,3,1,18,1,8,0,6
MineSweeper,com.tsi.tom.minesweeper,Minesweeper,104,0,8,0,36,0,10,0,4,0
MineSweeper,com.tsi.tom.minesweeper,Minesweeper.GameState,27,0,0,0,5,0,1,0,1,0
MineSweeper,com.tsi.tom.minesweeper,Mine,0,9,0,0,0,4,0,1,0,1
MineSweeper,com.tsi.tom.minesweeper,Grid,61,287,16,18,13,55,11,17,0,11
MineSweeper,com.tsi.tom.minesweeper,Tile,0,30,0,0,0,13,0,7,0,7
